<?xml version="1.0" encoding="UTF-8"?>
<!-- Generated by org.testng.reporters.JUnitReportReporter -->
<testsuite hostname="DESKTOP-EAA3A0K" failures="0" tests="1" name="com.testautomation.apitesting.tests.EndToEndAPITestRestHelper" time="4.552" errors="0" timestamp="2024-03-28T14:48:00 IST" skipped="0">
  <testcase classname="com.testautomation.apitesting.tests.EndToEndAPITestRestHelper" name="e2eAPIRequest" time="4.552"/>
  <system-out/>
</testsuite> <!-- com.testautomation.apitesting.tests.EndToEndAPITestRestHelper -->
