<?xml version="1.0" encoding="UTF-8"?>
<!-- Generated by org.testng.reporters.JUnitReportReporter -->
<testsuite hostname="DESKTOP-EAA3A0K" failures="0" tests="2" name="testCases.AllureReportGeneration" time="17.685" errors="0" timestamp="2024-11-17T17:16:11 IST" skipped="0">
  <testcase classname="testCases.AllureReportGeneration" name="e2eAPIRequest" time="14.061"/>
  <testcase classname="testCases.AllureReportGeneration" name="e2eAPITest2" time="3.624"/>
</testsuite> <!-- testCases.AllureReportGeneration -->
