<?xml version="1.0" encoding="UTF-8"?>
<!-- Generated by org.testng.reporters.JUnitReportReporter -->
<testsuite hostname="DESKTOP-EAA3A0K" failures="0" tests="2" name="com.testautomation.apitesting.tests.AllureReportGeneration" time="16.321" errors="0" timestamp="2024-04-16T12:51:51 IST" skipped="0">
  <testcase classname="com.testautomation.apitesting.tests.AllureReportGeneration" name="e2eAPIRequest" time="13.856"/>
  <system-out/>
  <testcase classname="com.testautomation.apitesting.tests.AllureReportGeneration" name="e2eAPITest2" time="2.465"/>
  <system-out/>
</testsuite> <!-- com.testautomation.apitesting.tests.AllureReportGeneration -->
