<?xml version="1.0" encoding="UTF-8"?>
<!-- Generated by org.testng.reporters.JUnitReportReporter -->
<testsuite hostname="DESKTOP-EAA3A0K" failures="0" tests="1" name="com.testautomation.apitesting.tests.GetAPIRequest" time="3.950" errors="0" timestamp="2024-03-28T12:47:48 IST" skipped="0">
  <testcase classname="com.testautomation.apitesting.tests.GetAPIRequest" name="getAllBookings" time="3.950"/>
  <system-out/>
</testsuite> <!-- com.testautomation.apitesting.tests.GetAPIRequest -->
